#
# A fatal error has been detected by the Java Runtime Environment:
#
#  EXCEPTION_ACCESS_VIOLATION (0xc0000005) at pc=0x000000006a556a83, pid=3180, tid=3288
#
# JRE version: Java(TM) SE Runtime Environment (8.0_66-b17) (build 1.8.0_66-b17)
# Java VM: Java HotSpot(TM) 64-Bit Server VM (25.66-b17 mixed mode windows-amd64 compressed oops)
# Problematic frame:
# V  [jvm.dll+0x76a83]
#
# Failed to write core dump. Minidumps are not enabled by default on client versions of Windows
#
# If you would like to submit a bug report, please visit:
#   http://bugreport.java.com/bugreport/crash.jsp
#

---------------  T H R E A D  ---------------

Current thread (0x0000000055251000):  VMThread [stack: 0x0000000056200000,0x0000000056300000] [id=3288]

siginfo: ExceptionCode=0xc0000005, reading address 0x0000000000002010

Registers:
RAX=0x000000006ab2ae08, RBX=0x0000000000002000, RCX=0x00000000550c0080, RDX=0x00000000ecc90558
RSP=0x00000000562ff660, RBP=0x00000000562ff758, RSI=0x00000000562ff778, RDI=0x00000000550c7c60
R8 =0x00000000eab00000, R9 =0x000000000000ea6d, R10=0x0000000000000001, R11=0x00000000562ff6b8
R12=0x0000000000000004, R13=0x0000000000007be0, R14=0x00000000562ff798, R15=0x000000006aca9de8
RIP=0x000000006a556a83, EFLAGS=0x0000000000010206

Top of Stack: (sp=0x00000000562ff660)
0x00000000562ff660:   000000005518f830 000000006a773ca8
0x00000000562ff670:   00000000000001c8 000000006a50508f
0x00000000562ff680:   0000000000007be0 000000000000daf1
0x00000000562ff690:   00000000021a9a00 0000000000000000
0x00000000562ff6a0:   000000006aca9c80 0000000000000004
0x00000000562ff6b0:   000000006ab2ae50 000000006a557980
0x00000000562ff6c0:   000000006aca9de8 000000005524e2c0
0x00000000562ff6d0:   00000000562ff800 00000000021aa970
0x00000000562ff6e0:   00000000562ff758 00000000562ff798
0x00000000562ff6f0:   00000000021aa970 000000006a8dd015
0x00000000562ff700:   000000005524e2c0 000000006ab2ae50
0x00000000562ff710:   000000006ab2ae50 0000000055135420
0x00000000562ff720:   000000006aca9c80 0000000000000000
0x00000000562ff730:   000000006aca9c80 0000000000000000
0x00000000562ff740:   0000000000000001 00000000ffffff01
0x00000000562ff750:   0000000000000001 0000000000000086 

Instructions: (pc=0x000000006a556a83)
0x000000006a556a63:   0e 48 85 db 74 78 4c 8b 7c 24 60 4c 8b b4 24 88
0x000000006a556a73:   00 00 00 66 66 0f 1f 84 00 00 00 00 00 49 8b 07
0x000000006a556a83:   48 8b 53 10 49 8b cf ff 10 84 c0 74 18 48 85 f6
0x000000006a556a93:   74 0d 48 8b 06 48 8d 53 10 48 8b ce ff 50 08 48 


Register to memory mapping:

RAX=0x000000006ab2ae08 is an unknown value
RBX=0x0000000000002000 is an unknown value
RCX=0x00000000550c0080 is an unknown value
RDX=0x00000000ecc90558 is an oop
java.lang.String 
 - klass: 'java/lang/String'
RSP=0x00000000562ff660 is an unknown value
RBP=0x00000000562ff758 is an unknown value
RSI=0x00000000562ff778 is an unknown value
RDI=0x00000000550c7c60 is an unknown value
R8 =0x00000000eab00000 is an oop
[I 
 - klass: {type array int}
 - length: 0
R9 =0x000000000000ea6d is an unknown value
R10=0x0000000000000001 is an unknown value
R11=0x00000000562ff6b8 is an unknown value
R12=0x0000000000000004 is an unknown value
R13=0x0000000000007be0 is an unknown value
R14=0x00000000562ff798 is an unknown value
R15=0x000000006aca9de8 is an unknown value


Stack: [0x0000000056200000,0x0000000056300000],  sp=0x00000000562ff660,  free space=1021k
Native frames: (J=compiled Java code, j=interpreted, Vv=VM code, C=native code)
V  [jvm.dll+0x76a83]
V  [jvm.dll+0x77980]
V  [jvm.dll+0x3fd015]
V  [jvm.dll+0x3fd740]
V  [jvm.dll+0x3ed514]
V  [jvm.dll+0x3ffd56]
V  [jvm.dll+0x249897]
V  [jvm.dll+0x248b36]
V  [jvm.dll+0x248fd1]
V  [jvm.dll+0x2491ee]
V  [jvm.dll+0x29a0fa]
C  [msvcr100.dll+0x21d9f]
C  [msvcr100.dll+0x21e3b]
C  [kernel32.dll+0x159ed]
C  [ntdll.dll+0x2c541]

VM_Operation (0x00000000025fefc0): ParallelGCFailedAllocation, mode: safepoint, requested by thread 0x00000000022ff000


---------------  P R O C E S S  ---------------

Java Threads: ( => current thread )
  0x00000000552bf000 JavaThread "Service Thread" daemon [_thread_blocked, id=6068, stack(0x0000000056fa0000,0x00000000570a0000)]
  0x000000005676b000 JavaThread "C1 CompilerThread2" daemon [_thread_blocked, id=5548, stack(0x0000000057290000,0x0000000057390000)]
  0x0000000056769800 JavaThread "C2 CompilerThread1" daemon [_thread_blocked, id=4288, stack(0x00000000570c0000,0x00000000571c0000)]
  0x0000000056762800 JavaThread "C2 CompilerThread0" daemon [_thread_blocked, id=3828, stack(0x0000000056560000,0x0000000056660000)]
  0x00000000552b8000 JavaThread "Attach Listener" daemon [_thread_blocked, id=2412, stack(0x0000000056e90000,0x0000000056f90000)]
  0x00000000552b6000 JavaThread "Signal Dispatcher" daemon [_thread_blocked, id=5168, stack(0x0000000056c50000,0x0000000056d50000)]
  0x000000005525d000 JavaThread "Finalizer" daemon [_thread_blocked, id=4688, stack(0x0000000056660000,0x0000000056760000)]
  0x0000000055256000 JavaThread "Reference Handler" daemon [_thread_blocked, id=5692, stack(0x0000000056440000,0x0000000056540000)]
  0x00000000022ff000 JavaThread "main" [_thread_blocked, id=5888, stack(0x0000000002500000,0x0000000002600000)]

Other Threads:
=>0x0000000055251000 VMThread [stack: 0x0000000056200000,0x0000000056300000] [id=3288]
  0x000000005680b000 WatcherThread [stack: 0x0000000056300000,0x0000000056400000] [id=2792]

VM state:at safepoint (normal execution)

VM Mutex/Monitor currently owned by a thread:  ([mutex/lock_event])
[0x00000000021a8900] Threads_lock - owner thread: 0x0000000055251000
[0x00000000021a8e00] Heap_lock - owner thread: 0x00000000022ff000

Heap:
 PSYoungGen      total 37888K, used 32768K [0x00000000eab00000, 0x00000000ed500000, 0x0000000100000000)
  eden space 32768K, 100% used [0x00000000eab00000,0x00000000ecb00000,0x00000000ecb00000)
  from space 5120K, 0% used [0x00000000ed000000,0x00000000ed000000,0x00000000ed500000)
  to   space 5120K, 99% used [0x00000000ecb00000,0x00000000ecffa440,0x00000000ed000000)
 ParOldGen       total 86016K, used 3721K [0x00000000c0000000, 0x00000000c5400000, 0x00000000eab00000)
  object space 86016K, 4% used [0x00000000c0000000,0x00000000c03a2480,0x00000000c5400000)
 Metaspace       used 3594K, capacity 4720K, committed 4864K, reserved 1056768K
  class space    used 388K, capacity 424K, committed 512K, reserved 1048576K

Card table byte_map: [0x0000000011c90000,0x0000000011ea0000] byte_map_base: 0x0000000011690000

Marking Bits: (ParMarkBitMap*) 0x000000006acea5b0
 Begin Bits: [0x00000000126c0000, 0x00000000136c0000)
 End Bits:   [0x00000000136c0000, 0x00000000146c0000)

Polling page: 0x0000000000430000

CodeCache: size=245760Kb used=1537Kb max_used=1544Kb free=244222Kb
 bounds [0x00000000028d0000, 0x0000000002b40000, 0x00000000118d0000]
 total_blobs=464 nmethods=214 adapters=164
 compilation: enabled

Compilation events (10 events):
Event: 0.223 Thread 0x000000005676b000  211       3       java.util.zip.ZipFile::getZipEntry (236 bytes)
Event: 0.224 Thread 0x000000005676b000 nmethod 211 0x0000000002a50010 code [0x0000000002a50260, 0x0000000002a50dc8]
Event: 0.225 Thread 0x000000005676b000  213       3       java.util.zip.ZipEntry::getTime (40 bytes)
Event: 0.225 Thread 0x0000000056769800 nmethod 212 0x0000000002a4a790 code [0x0000000002a4a8e0, 0x0000000002a4aa78]
Event: 0.225 Thread 0x000000005676b000 nmethod 213 0x0000000002a4a190 code [0x0000000002a4a320, 0x0000000002a4a698]
Event: 0.225 Thread 0x000000005676b000  214       3       java.util.zip.ZipUtils::extendedDosToJavaTime (12 bytes)
Event: 0.225 Thread 0x000000005676b000 nmethod 214 0x0000000002a49e10 code [0x0000000002a49f80, 0x0000000002a4a108]
Event: 0.225 Thread 0x000000005676b000  215       3       java.util.zip.ZipUtils::dosToJavaTime (71 bytes)
Event: 0.226 Thread 0x000000005676b000 nmethod 215 0x0000000002a537d0 code [0x0000000002a53960, 0x0000000002a53df8]
Event: 0.226 Thread 0x000000005676b000  216       3       java.util.Date::<init> (113 bytes)

GC Heap History (1 events):
Event: 0.227 GC heap before
{Heap before GC invocations=1 (full 0):
 PSYoungGen      total 37888K, used 32768K [0x00000000eab00000, 0x00000000ed500000, 0x0000000100000000)
  eden space 32768K, 100% used [0x00000000eab00000,0x00000000ecb00000,0x00000000ecb00000)
  from space 5120K, 0% used [0x00000000ed000000,0x00000000ed000000,0x00000000ed500000)
  to   space 5120K, 0% used [0x00000000ecb00000,0x00000000ecb00000,0x00000000ed000000)
 ParOldGen       total 86016K, used 0K [0x00000000c0000000, 0x00000000c5400000, 0x00000000eab00000)
  object space 86016K, 0% used [0x00000000c0000000,0x00000000c0000000,0x00000000c5400000)
 Metaspace       used 3594K, capacity 4720K, committed 4864K, reserved 1056768K
  class space    used 388K, capacity 424K, committed 512K, reserved 1048576K

Deoptimization events (0 events):
No events

Internal exceptions (2 events):
Event: 0.030 Thread 0x00000000022ff000 Exception <a 'java/lang/NoSuchMethodError': Method sun.misc.Unsafe.defineClass(Ljava/lang/String;[BII)Ljava/lang/Class; name or signature does not match> (0x00000000eab10068) thrown at [C:\re\workspace\8-2-build-windows-amd64-cygwin\jdk8u66\4988\hotspot\sr‹‡?BVðž?
Event: 0.030 Thread 0x00000000022ff000 Exception <a 'java/lang/NoSuchMethodError': Method sun.misc.Unsafe.prefetchRead(Ljava/lang/Object;J)V name or signature does not match> (0x00000000eab10350) thrown at [C:\re\workspace\8-2-build-windows-amd64-cygwin\jdk8u66\4988\hotspot\src\share\vm\prims\j

Events (10 events):
Event: 0.118 loading class java/util/TimeZone$1 done
Event: 0.118 loading class sun/util/calendar/Gregorian$Date
Event: 0.118 loading class sun/util/calendar/BaseCalendar$Date
Event: 0.118 loading class sun/util/calendar/CalendarDate
Event: 0.118 loading class sun/util/calendar/CalendarDate done
Event: 0.118 loading class sun/util/calendar/BaseCalendar$Date done
Event: 0.118 loading class sun/util/calendar/Gregorian$Date done
Event: 0.119 loading class sun/util/calendar/CalendarUtils
Event: 0.119 loading class sun/util/calendar/CalendarUtils done
Event: 0.227 Executing VM operation: ParallelGCFailedAllocation


Dynamic libraries:
0x000000013fd60000 - 0x000000013fd97000 	C:\Program Files\Java\jdk1.8.0_66\bin\java.exe
0x0000000077580000 - 0x0000000077729000 	C:\Windows\SYSTEM32\ntdll.dll
0x0000000077360000 - 0x000000007747f000 	C:\Windows\system32\kernel32.dll
0x000007fefd430000 - 0x000007fefd49b000 	C:\Windows\system32\KERNELBASE.dll
0x000007fefe090000 - 0x000007fefe16b000 	C:\Windows\system32\ADVAPI32.dll
0x000007feff550000 - 0x000007feff5ef000 	C:\Windows\system32\msvcrt.dll
0x000007fefe2a0000 - 0x000007fefe2bf000 	C:\Windows\SYSTEM32\sechost.dll
0x000007fefe170000 - 0x000007fefe29d000 	C:\Windows\system32\RPCRT4.dll
0x0000000077480000 - 0x000000007757a000 	C:\Windows\system32\USER32.dll
0x000007feff820000 - 0x000007feff887000 	C:\Windows\system32\GDI32.dll
0x000007fefdfa0000 - 0x000007fefdfae000 	C:\Windows\system32\LPK.dll
0x000007fefda70000 - 0x000007fefdb39000 	C:\Windows\system32\USP10.dll
0x000007fefbd10000 - 0x000007fefbf04000 	C:\Windows\WinSxS\amd64_microsoft.windows.common-controls_6595b64144ccf1df_6.0.7601.17514_none_fa396087175ac9ac\COMCTL32.dll
0x000007fefe010000 - 0x000007fefe081000 	C:\Windows\system32\SHLWAPI.dll
0x000007feff060000 - 0x000007feff08e000 	C:\Windows\system32\IMM32.DLL
0x000007fefdb40000 - 0x000007fefdc49000 	C:\Windows\system32\MSCTF.dll
0x0000000071600000 - 0x00000000716d2000 	C:\Program Files\Java\jdk1.8.0_66\jre\bin\msvcr100.dll
0x000000006a4e0000 - 0x000000006ad69000 	C:\Program Files\Java\jdk1.8.0_66\jre\bin\server\jvm.dll
0x000007fef3810000 - 0x000007fef3819000 	C:\Windows\system32\WSOCK32.dll
0x000007feff750000 - 0x000007feff79d000 	C:\Windows\system32\WS2_32.dll
0x000007feff050000 - 0x000007feff058000 	C:\Windows\system32\NSI.dll
0x000007fef6f60000 - 0x000007fef6f9b000 	C:\Windows\system32\WINMM.dll
0x000007fefc330000 - 0x000007fefc33c000 	C:\Windows\system32\VERSION.dll
0x0000000077740000 - 0x0000000077747000 	C:\Windows\system32\PSAPI.DLL
0x0000000074da0000 - 0x0000000074daf000 	C:\Program Files\Java\jdk1.8.0_66\jre\bin\verify.dll
0x0000000074d70000 - 0x0000000074d99000 	C:\Program Files\Java\jdk1.8.0_66\jre\bin\java.dll
0x0000000074d50000 - 0x0000000074d66000 	C:\Program Files\Java\jdk1.8.0_66\jre\bin\zip.dll
0x000007fefe2c0000 - 0x000007feff048000 	C:\Windows\system32\SHELL32.dll
0x000007fefdcf0000 - 0x000007fefdef3000 	C:\Windows\system32\ole32.dll
0x000007fefd360000 - 0x000007fefd36f000 	C:\Windows\system32\profapi.dll
0x000007feedf50000 - 0x000007feee075000 	C:\Windows\system32\dbghelp.dll

VM Arguments:
jvm_args: -Djava.awt.headless=true -Xmx1024M -Dfile.encoding=windows-1252 -Duser.country=US -Duser.language=en -Duser.variant 
java_command: com.android.dx.command.Main --dex --num-threads=4 --output E:\Projects\BurnAndEarn\app\build\intermediates\transforms\dex\debug\folders\1000\1f\main E:\Projects\BurnAndEarn\app\build\intermediates\pre-dexed\debug\com.google.android.gms-play-services-analytics-8.3.0_b0d3872a64d14e270ad2bdcde7c9e07c32859212.jar E:\Projects\BurnAndEarn\app\build\intermediates\pre-dexed\debug\com.google.android.gms-play-services-vision-8.3.0_e05c4607eca9118eba1189f557eb3fc30c7ebc32.jar E:\Projects\BurnAndEarn\app\build\intermediates\pre-dexed\debug\bolts-android-1.2.0_78f2e36cf0a064584f67ca87abc874093383e35d.jar E:\Projects\BurnAndEarn\app\build\intermediates\pre-dexed\debug\picasso-2.5.2_badcc59626c8bf60fbd570ba883ac0f8d5c9be7a.jar E:\Projects\BurnAndEarn\app\build\intermediates\pre-dexed\debug\com.google.android.gms-play-services-nearby-8.3.0_7373762f242e3ae8cd1f06ce87aadc74728bc414.jar E:\Projects\BurnAndEarn\app\build\intermediates\pre-dexed\debug\de.hdodenhof-circleimageview-2.0.0_3e1793f1b42a86c141ea04b11c72fe1aa134e0b1.jar E:\Projects\BurnAndEarn\app\build\intermediates\pre-dexed\debug\com.google.android.gms-play-services-basement-8.3.0_1fd8b3b623417dece6ac7eb4e00eceefcb1639ce.jar E:\Projects\BurnAndEarn\app\build\intermediates\pre-dexed\debug\com.google.android.gms-play-services-gcm-8.3.0_10b23364300c2bee2705ba9a63f5f601aa10d983.jar E:\Projects\BurnAndEarn\app\build\intermediates\pre-dexed\debug\com.google.android.gms-play-services-plus-8.3.0_3d3939c99ea7de3ef4fdd145001c603bb07168e1.jar E:\Projects\BurnAndEarn\app\build\intermediates\pre-dexed\debug\com.google.android.gms-play-services-cast-8.3.0_4f186785ec57680c19917e91d93c82fac4a68dd1.jar E:\Projects\BurnAndEarn\app\build\intermediates\pre-dexed\debug\com.google.android.gms-play-services-base-8.3.0_29fcaf1232398112fb14f0ea9454931848c62a9d.jar E:\Projects\BurnAndEarn\app\build\intermediates\pre-dexed\debug\com.google.android.gms-play-services-measurement-8.3.0_97ecf058249d4f7ffe6eca3a5d9de9693649215b.jar E:\Proj
java_class_path (initial): E:\SDK\build-tools\23.0.2\lib\dx.jar
Launcher Type: SUN_STANDARD

Environment Variables:
JAVA_HOME=C:\Program Files\Java\jdk1.8.0_66
PATH=C:\ProgramData\Oracle\Java\javapath;C:\Windows\system32;C:\Windows;C:\Windows\System32\Wbem;C:\Windows\System32\WindowsPowerShell\v1.0\
USERNAME=User
OS=Windows_NT
PROCESSOR_IDENTIFIER=Intel64 Family 6 Model 37 Stepping 5, GenuineIntel



---------------  S Y S T E M  ---------------

OS: Windows 7 , 64 bit Build 7601 (6.1.7601.18409)

CPU:total 4 (2 cores per cpu, 2 threads per core) family 6 model 37 stepping 5, cmov, cx8, fxsr, mmx, sse, sse2, sse3, ssse3, sse4.1, sse4.2, popcnt, aes, clmul, ht, tsc, tscinvbit

Memory: 4k page, physical 8179372k(2511392k free), swap 16356880k(10089260k free)

vm_info: Java HotSpot(TM) 64-Bit Server VM (25.66-b17) for windows-amd64 JRE (1.8.0_66-b17), built on Oct  6 2015 18:55:33 by "java_re" with MS VC++ 10.0 (VS2010)

time: Fri Feb 12 16:51:09 2016
elapsed time: 0 seconds (0d 0h 0m 0s)

